<?xml version="1.0" encoding="UTF-8"?>
<!-- Generated by org.testng.reporters.JUnitXMLReporter -->
<testsuite hostname="DESKTOP-8I9F5N5" ignored="0" name="Test" tests="4" failures="0" timestamp="01 Jun 2021 12:39:39 GMT" time="163.821" errors="0">
  <testcase name="Single_Card" time="41.98" classname="Smoke_Test.Single_Card_Creation"/>
  <testcase name="Bulk_Cards" time="34.513" classname="Smoke_Test.Bulk_Cards_Creation"/>
  <testcase name="MarketingFlyers" time="48.09" classname="Smoke_Test.Marketing_Flyers"/>
  <testcase name="Certificate" time="39.21" classname="Smoke_Test.Certificate_Creation"/>
</testsuite> <!-- Test -->
