<?xml version="1.0" encoding="UTF-8"?>
<testsuite xmlns:xsi="http://www.w3.org/2001/XMLSchema-instance" xsi:noNamespaceSchemaLocation="https://maven.apache.org/surefire/maven-surefire-plugin/xsd/surefire-test-report-3.0.xsd" version="3.0" name="TestSuite" time="164.779" tests="4" errors="0" skipped="0" failures="0">
  <properties>
[...]
</properties>
  <testcase name="Single_Card" classname="Smoke_Test.Single_Card_Creation" time="42.294">
    <system-out><![CDATA[Firefox Browser Opened Sucessfully
Passing URL 
Estockgifts Open Successfully
Click Operation Performed Sucessfully on the element 
Happy Birthday Data is Passed Sucessfully to input field  
Enter event name Successfully
Naga Data is Passed Sucessfully to input field  
Lakshmi Data is Passed Sucessfully to input field  
lakshmi13@yopmail.com Data is Passed Sucessfully to input field  
6696009069 Data is Passed Sucessfully to input field  
Liya Data is Passed Sucessfully to input field  
Anantha Data is Passed Sucessfully to input field  
Liya@yopmail.com Data is Passed Sucessfully to input field  
6696009069 Data is Passed Sucessfully to input field  
Happy Birthday My Dear Friend.. Data is Passed Sucessfully to input field  
Enter text Successfully
75 Data is Passed Sucessfully to input field  
Enter crypto value Successfully
Click Operation Performed Sucessfully on the element 
Credit/Debit card Selected. 
Ram Data is Passed Sucessfully to input field  
4242-4242-4242-4242 Data is Passed Sucessfully to input field  
11/23 Data is Passed Sucessfully to input field  
123 Data is Passed Sucessfully to input field  
Click Operation Performed Sucessfully on the element 
Click Operation Performed Sucessfully on the element 
Gift card created Successfully...
Browser Quit Sucessfully
]]></system-out>
    <system-err><![CDATA[SLF4J: Failed to load class "org.slf4j.impl.StaticLoggerBinder".
SLF4J: Defaulting to no-operation (NOP) logger implementation
SLF4J: See http://www.slf4j.org/codes.html#StaticLoggerBinder for further details.
1622551016478	geckodriver	INFO	Listening on 127.0.0.1:10820
1622551017182	mozrunner::runner	INFO	Running command: "C:\\Program Files\\Mozilla Firefox\\firefox.exe" "--marionette" "-foreground" "-no-remote" "-profile" "C:\\Users\\Keyutech\\AppData\\Local\\Temp\\rust_mozprofile8K2b2Y"
Can't find symbol 'eglSwapBuffersWithDamageEXT'.
Can't find symbol 'eglSetDamageRegionKHR'.
console.warn: SearchSettings: "get: No settings file exists, new profile?" (new Error("", "(unknown module)"))
1622551019732	Marionette	INFO	Listening on port 50441
1622551019820	Marionette	WARN	TLS certificate errors will be ignored for this session
Jun 01, 2021 6:06:59 PM org.openqa.selenium.remote.ProtocolHandshake createSession
INFO: Detected dialect: W3C
Can't find symbol 'eglSwapBuffersWithDamageEXT'.
Can't find symbol 'eglSetDamageRegionKHR'.
JavaScript warning: https://api.sardine.ai/assets/collector.d6965f69.js, line 213: WebGL context was lost.
JavaScript warning: https://api.sardine.ai/assets/collector.d6965f69.js, line 213: WebGL context was lost.
JavaScript warning: https://api.sardine.ai/assets/collector.d6965f69.js, line 213: WebGL context was lost.
JavaScript warning: https://api.sardine.ai/assets/collector.d6965f69.js, line 213: WebGL context was lost.
1622551056635	Marionette	INFO	Stopped listening on port 50441

###!!! [Child][RunMessage] Error: Channel closing: too late to send/recv, messages will be lost

]]></system-err>
  </testcase>
  <testcase name="Bulk_Cards" classname="Smoke_Test.Bulk_Cards_Creation" time="34.666">
    <system-out><![CDATA[Firefox Browser Opened Sucessfully
Passing URL 
Estockgifts Open Successfully
Click Operation Performed Sucessfully on the element 
Click Operation Performed Sucessfully on the element 
Happy Birthday Data is Passed Sucessfully to input field  
Enter event name Successfully
Keyutech Data is Passed Sucessfully to input field  
Enter Business name Successfully
Naga Data is Passed Sucessfully to input field  
Lakshmi Data is Passed Sucessfully to input field  
lakshmi13@yopmail.com Data is Passed Sucessfully to input field  
6696009069 Data is Passed Sucessfully to input field  
Happy Birthday My Dear Friend.. Data is Passed Sucessfully to input field  
Enter text Successfully
75 Data is Passed Sucessfully to input field  
Enter crypto value Successfully
10 Data is Passed Sucessfully to input field  
Click Operation Performed Sucessfully on the element 
Credit/Debit card Selected. 
Ram Data is Passed Sucessfully to input field  
4242-4242-4242-4242 Data is Passed Sucessfully to input field  
11/23 Data is Passed Sucessfully to input field  
123 Data is Passed Sucessfully to input field  
Click Operation Performed Sucessfully on the element 
Click Operation Performed Sucessfully on the element 
Gift card created Successfully...
Browser Quit Sucessfully
]]></system-out>
    <system-err><![CDATA[1622551057598	geckodriver	INFO	Listening on 127.0.0.1:32449
1622551058062	mozrunner::runner	INFO	Running command: "C:\\Program Files\\Mozilla Firefox\\firefox.exe" "--marionette" "-foreground" "-no-remote" "-profile" "C:\\Users\\Keyutech\\AppData\\Local\\Temp\\rust_mozprofilebwIDg2"
Can't find symbol 'eglSwapBuffersWithDamageEXT'.
Can't find symbol 'eglSetDamageRegionKHR'.
console.warn: SearchSettings: "get: No settings file exists, new profile?" (new Error("", "(unknown module)"))
1622551060628	Marionette	INFO	Listening on port 55559
1622551060700	Marionette	WARN	TLS certificate errors will be ignored for this session
Jun 01, 2021 6:07:40 PM org.openqa.selenium.remote.ProtocolHandshake createSession
INFO: Detected dialect: W3C
Can't find symbol 'eglSwapBuffersWithDamageEXT'.
Can't find symbol 'eglSetDamageRegionKHR'.
JavaScript warning: https://api.sardine.ai/assets/collector.d6965f69.js, line 213: WebGL context was lost.
JavaScript warning: https://api.sardine.ai/assets/collector.d6965f69.js, line 213: WebGL context was lost.
JavaScript warning: https://api.sardine.ai/assets/collector.d6965f69.js, line 213: WebGL context was lost.
JavaScript warning: https://api.sardine.ai/assets/collector.d6965f69.js, line 213: WebGL context was lost.
1622551088073	Marionette	WARN	Ignoring event 'DOMContentLoaded' because document has an invalid readyState of 'complete'.
1622551091114	Marionette	INFO	Stopped listening on port 55559

###!!! [Child][RunMessage] Error: Channel closing: too late to send/recv, messages will be lost

]]></system-err>
  </testcase>
  <testcase name="MarketingFlyers" classname="Smoke_Test.Marketing_Flyers" time="53.797">
    <system-out><![CDATA[Firefox Browser Opened Sucessfully
Passing URL 
Estockgifts Open Successfully
Click Operation Performed Sucessfully on the element 
Click Operation Performed Sucessfully on the element 
Happy Birthday Data is Passed Sucessfully to input field  
Enter event name Successfully
Keyutech Data is Passed Sucessfully to input field  
Enter Business name Successfully
Naga Data is Passed Sucessfully to input field  
Lakshmi Data is Passed Sucessfully to input field  
lakshmi13@yopmail.com Data is Passed Sucessfully to input field  
6696009069 Data is Passed Sucessfully to input field  
Happy Birthday My Dear Friend.. Data is Passed Sucessfully to input field  
Enter text Successfully
Thank you Data is Passed Sucessfully to input field  
Enter giftcard message Successfully
california Data is Passed Sucessfully to input field  
Liya@yopmail.com Data is Passed Sucessfully to input field  
408-219-8111 Data is Passed Sucessfully to input field  
75 Data is Passed Sucessfully to input field  
Entered crypto value Successfully
10 Data is Passed Sucessfully to input field  
Number of cards selected Successfully
Click Operation Performed Sucessfully on the element 
Credit/Debit card Selected. 
Ram Data is Passed Sucessfully to input field  
4242-4242-4242-4242 Data is Passed Sucessfully to input field  
11/23 Data is Passed Sucessfully to input field  
123 Data is Passed Sucessfully to input field  
Click Operation Performed Sucessfully on the element 
Click Operation Performed Sucessfully on the element 
Browser Quit Sucessfully
]]></system-out>
    <system-err><![CDATA[1622551092304	geckodriver	INFO	Listening on 127.0.0.1:35796
1622551092577	mozrunner::runner	INFO	Running command: "C:\\Program Files\\Mozilla Firefox\\firefox.exe" "--marionette" "-foreground" "-no-remote" "-profile" "C:\\Users\\Keyutech\\AppData\\Local\\Temp\\rust_mozprofilepbrzlp"
Can't find symbol 'eglSwapBuffersWithDamageEXT'.
Can't find symbol 'eglSetDamageRegionKHR'.
console.warn: SearchSettings: "get: No settings file exists, new profile?" (new Error("", "(unknown module)"))
1622551095302	Marionette	INFO	Listening on port 55662
1622551095716	Marionette	WARN	TLS certificate errors will be ignored for this session
Jun 01, 2021 6:08:15 PM org.openqa.selenium.remote.ProtocolHandshake createSession
INFO: Detected dialect: W3C
Can't find symbol 'eglSwapBuffersWithDamageEXT'.
Can't find symbol 'eglSetDamageRegionKHR'.
JavaScript warning: https://api.sardine.ai/assets/collector.d6965f69.js, line 213: WebGL context was lost.
JavaScript warning: https://api.sardine.ai/assets/collector.d6965f69.js, line 213: WebGL context was lost.
JavaScript warning: https://api.sardine.ai/assets/collector.d6965f69.js, line 213: WebGL context was lost.
JavaScript warning: https://api.sardine.ai/assets/collector.d6965f69.js, line 213: WebGL context was lost.
1622551124785	Marionette	WARN	Ignoring event 'DOMContentLoaded' because document has an invalid readyState of 'complete'.
1622551138949	Marionette	INFO	Stopped listening on port 55662

###!!! [Child][RunMessage] Error: Channel closing: too late to send/recv, messages will be lost

]]></system-err>
  </testcase>
  <testcase name="Certificate" classname="Smoke_Test.Certificate_Creation" time="33.347">
    <system-out><![CDATA[Firefox Browser Opened Sucessfully
Passing URL 
Estockgifts Open Successfully
Click Operation Performed Sucessfully on the element 
Click Operation Performed Sucessfully on the element 
Click Operation Performed Sucessfully on the element 
Enter crypto value Successfully
Naga Data is Passed Sucessfully to input field  
Lakshmi Data is Passed Sucessfully to input field  
lakshmi13@yopmail.com Data is Passed Sucessfully to input field  
6696009069 Data is Passed Sucessfully to input field  
Liya Data is Passed Sucessfully to input field  
Anantha Data is Passed Sucessfully to input field  
Liya@yopmail.com Data is Passed Sucessfully to input field  
6696009069 Data is Passed Sucessfully to input field  
Happy Birthday My Dear Friend.. Data is Passed Sucessfully to input field  
Enter text Successfully
Happy Birthday My Dear Friend.. Data is Passed Sucessfully to input field  
Enter text Successfully
Click Operation Performed Sucessfully on the element 
Credit/Debit card Selected. 
Ram Data is Passed Sucessfully to input field  
4242-4242-4242-4242 Data is Passed Sucessfully to input field  
11/23 Data is Passed Sucessfully to input field  
123 Data is Passed Sucessfully to input field  
Click Operation Performed Sucessfully on the element 
Click Operation Performed Sucessfully on the element 
Certificate created Successfully...
Browser Quit Sucessfully
]]></system-out>
    <system-err><![CDATA[1622551140177	geckodriver	INFO	Listening on 127.0.0.1:41887
1622551140666	mozrunner::runner	INFO	Running command: "C:\\Program Files\\Mozilla Firefox\\firefox.exe" "--marionette" "-foreground" "-no-remote" "-profile" "C:\\Users\\Keyutech\\AppData\\Local\\Temp\\rust_mozprofileuuwZef"
Can't find symbol 'eglSwapBuffersWithDamageEXT'.
Can't find symbol 'eglSetDamageRegionKHR'.
console.warn: SearchSettings: "get: No settings file exists, new profile?" (new Error("", "(unknown module)"))
1622551143622	Marionette	INFO	Listening on port 55980
1622551143807	Marionette	WARN	TLS certificate errors will be ignored for this session
Jun 01, 2021 6:09:03 PM org.openqa.selenium.remote.ProtocolHandshake createSession
INFO: Detected dialect: W3C
Can't find symbol 'eglSwapBuffersWithDamageEXT'.
Can't find symbol 'eglSetDamageRegionKHR'.
JavaScript warning: https://api.sardine.ai/assets/collector.d6965f69.js, line 213: WebGL context was lost.
JavaScript warning: https://api.sardine.ai/assets/collector.d6965f69.js, line 213: WebGL context was lost.
JavaScript warning: https://api.sardine.ai/assets/collector.d6965f69.js, line 213: WebGL context was lost.
JavaScript warning: https://api.sardine.ai/assets/collector.d6965f69.js, line 213: WebGL context was lost.
1622551170552	Marionette	WARN	Ignoring event 'DOMContentLoaded' because document has an invalid readyState of 'complete'.
1622551178374	Marionette	INFO	Stopped listening on port 55980
]]></system-err>
  </testcase>
</testsuite>